debug: Sun, 16 May 2021 09:03:55 GMT
debug: Project: C:\Users\Administrator\Desktop\Company_project\NewProject_8
debug: Targets: editor,preview
debug: Incremental file seems great.
debug: Engine path: D:\Program Files\CocosDashboard\resources\.editors\Creator\3.0.0\resources\resources\3d\engine
debug: Initializing target [Editor]
debug: Loading cache
debug: Loading cache costs 1.8904989957809448ms.
debug: Engine features shipped in editor: base,gfx-webgl,gfx-webgl2,3d,2d,ui,particle,particle-2d,physics-framework,physics-2d-framework,intersection-2d,primitive,profiler,audio,video,terrain,webview,tween,tiled-map,spine,dragon-bones
debug: Initializing target [Preview]
debug: Loading cache
debug: Loading cache costs 3.667500004172325ms.
debug: Sync engine features: base,gfx-webgl,gfx-webgl2,3d,2d,ui,particle,physics-ammo,physics-2d-box2d,intersection-2d,primitive,profiler,particle-2d,audio,video,webview,tween,terrain,tiled-map,spine,dragon-bones
debug: Pulling asset-db.
debug: Fetch asset-db cost: 7.2976009994745255ms.
debug: Build iteration starts.
Number of accumulated asset changes: 11
Feature changed: false
debug: Target(editor) build started.
debug: Detected change: cce:/internal/x/cc. Last mtime: Thu Jan 01 1970 08:00:07 GMT+0800 (中国标准时间), Current mtime: Thu Jan 01 1970 08:00:06 GMT+0800 (中国标准时间)
debug: Inspect cce:/internal/x/cc
debug: Resolve cce:/internal/x/cc-fu/base from cce:/internal/x/cc as external dependency cce:/internal/x/cc-fu/base.
debug: Resolve cce:/internal/x/cc-fu/gfx-webgl from cce:/internal/x/cc as external dependency cce:/internal/x/cc-fu/gfx-webgl.
debug: Resolve cce:/internal/x/cc-fu/gfx-webgl2 from cce:/internal/x/cc as external dependency cce:/internal/x/cc-fu/gfx-webgl2.
debug: Resolve cce:/internal/x/cc-fu/3d from cce:/internal/x/cc as external dependency cce:/internal/x/cc-fu/3d.
debug: Resolve cce:/internal/x/cc-fu/2d from cce:/internal/x/cc as external dependency cce:/internal/x/cc-fu/2d.
debug: Resolve cce:/internal/x/cc-fu/ui from cce:/internal/x/cc as external dependency cce:/internal/x/cc-fu/ui.
debug: Resolve cce:/internal/x/cc-fu/particle from cce:/internal/x/cc as external dependency cce:/internal/x/cc-fu/particle.
debug: Resolve cce:/internal/x/cc-fu/particle-2d from cce:/internal/x/cc as external dependency cce:/internal/x/cc-fu/particle-2d.
debug: Resolve cce:/internal/x/cc-fu/physics-framework from cce:/internal/x/cc as external dependency cce:/internal/x/cc-fu/physics-framework.
debug: Resolve cce:/internal/x/cc-fu/physics-2d-framework from cce:/internal/x/cc as external dependency cce:/internal/x/cc-fu/physics-2d-framework.
debug: Resolve cce:/internal/x/cc-fu/intersection-2d from cce:/internal/x/cc as external dependency cce:/internal/x/cc-fu/intersection-2d.
debug: Resolve cce:/internal/x/cc-fu/primitive from cce:/internal/x/cc as external dependency cce:/internal/x/cc-fu/primitive.
debug: Resolve cce:/internal/x/cc-fu/profiler from cce:/internal/x/cc as external dependency cce:/internal/x/cc-fu/profiler.
debug: Resolve cce:/internal/x/cc-fu/audio from cce:/internal/x/cc as external dependency cce:/internal/x/cc-fu/audio.
debug: Resolve cce:/internal/x/cc-fu/video from cce:/internal/x/cc as external dependency cce:/internal/x/cc-fu/video.
debug: Resolve cce:/internal/x/cc-fu/terrain from cce:/internal/x/cc as external dependency cce:/internal/x/cc-fu/terrain.
debug: Resolve cce:/internal/x/cc-fu/webview from cce:/internal/x/cc as external dependency cce:/internal/x/cc-fu/webview.
debug: Resolve cce:/internal/x/cc-fu/tween from cce:/internal/x/cc as external dependency cce:/internal/x/cc-fu/tween.
debug: Resolve cce:/internal/x/cc-fu/tiled-map from cce:/internal/x/cc as external dependency cce:/internal/x/cc-fu/tiled-map.
debug: Resolve cce:/internal/x/cc-fu/spine from cce:/internal/x/cc as external dependency cce:/internal/x/cc-fu/spine.
debug: Resolve cce:/internal/x/cc-fu/dragon-bones from cce:/internal/x/cc as external dependency cce:/internal/x/cc-fu/dragon-bones.
debug: Detected change: cce:/internal/x/prerequisite-imports. Last mtime: Thu Jan 01 1970 08:10:59 GMT+0800 (中国标准时间), Current mtime: Thu Jan 01 1970 08:00:10 GMT+0800 (中国标准时间)
debug: Inspect cce:/internal/x/prerequisite-imports
debug: Resolve file:///C:/Users/Administrator/Desktop/Company_project/NewProject_8/assets/Script/Until_JsonInit.ts from cce:/internal/x/prerequisite-imports as file:///C:/Users/Administrator/Desktop/Company_project/NewProject_8/assets/Script/Until_JsonInit.ts.
debug: Resolve file:///C:/Users/Administrator/Desktop/Company_project/NewProject_8/assets/Script/Until_Relationship.ts from cce:/internal/x/prerequisite-imports as file:///C:/Users/Administrator/Desktop/Company_project/NewProject_8/assets/Script/Until_Relationship.ts.
debug: Resolve file:///C:/Users/Administrator/Desktop/Company_project/NewProject_8/assets/Script/Util_CreateRandMap.ts from cce:/internal/x/prerequisite-imports as file:///C:/Users/Administrator/Desktop/Company_project/NewProject_8/assets/Script/Util_CreateRandMap.ts.
debug: Resolve file:///C:/Users/Administrator/Desktop/Company_project/NewProject_8/assets/Script/Util_Event.ts from cce:/internal/x/prerequisite-imports as file:///C:/Users/Administrator/Desktop/Company_project/NewProject_8/assets/Script/Util_Event.ts.
debug: Resolve file:///C:/Users/Administrator/Desktop/Company_project/NewProject_8/assets/Script/Util_SimpleMath.ts from cce:/internal/x/prerequisite-imports as file:///C:/Users/Administrator/Desktop/Company_project/NewProject_8/assets/Script/Util_SimpleMath.ts.
debug: Resolve file:///C:/Users/Administrator/Desktop/Company_project/NewProject_8/assets/Script/Util_WaveCollapseFunction.ts from cce:/internal/x/prerequisite-imports as file:///C:/Users/Administrator/Desktop/Company_project/NewProject_8/assets/Script/Util_WaveCollapseFunction.ts.
debug: Resolve file:///C:/Users/Administrator/Desktop/Company_project/NewProject_8/assets/Script/avatar.ts from cce:/internal/x/prerequisite-imports as file:///C:/Users/Administrator/Desktop/Company_project/NewProject_8/assets/Script/avatar.ts.
debug: Resolve file:///C:/Users/Administrator/Desktop/Company_project/NewProject_8/assets/Script/test/drawMapInfo.ts from cce:/internal/x/prerequisite-imports as file:///C:/Users/Administrator/Desktop/Company_project/NewProject_8/assets/Script/test/drawMapInfo.ts.
debug: Resolve file:///C:/Users/Administrator/Desktop/Company_project/NewProject_8/assets/Script/test/map_unit_info.ts from cce:/internal/x/prerequisite-imports as file:///C:/Users/Administrator/Desktop/Company_project/NewProject_8/assets/Script/test/map_unit_info.ts.
debug: Resolve file:///C:/Users/Administrator/Desktop/Company_project/NewProject_8/assets/Script/test/test_wavefunction.ts from cce:/internal/x/prerequisite-imports as file:///C:/Users/Administrator/Desktop/Company_project/NewProject_8/assets/Script/test/test_wavefunction.ts.
debug: Resolve file:///C:/Users/Administrator/Desktop/Company_project/NewProject_8/assets/Script/until_randomTerrain.ts from cce:/internal/x/prerequisite-imports as file:///C:/Users/Administrator/Desktop/Company_project/NewProject_8/assets/Script/until_randomTerrain.ts.
debug: Detected change: cce:/internal/code-quality/cr.mjs. Last mtime: Sun May 16 2021 16:38:20 GMT+0800 (中国标准时间), Current mtime: Sun May 16 2021 17:03:48 GMT+0800 (中国标准时间)
debug: Inspect cce:/internal/code-quality/cr.mjs
debug: Target(editor) ends with cost 123.31230099499226ms.
debug: Target(preview) build started.
debug: Detected change: cce:/internal/x/cc. Last mtime: Thu Jan 01 1970 08:00:07 GMT+0800 (中国标准时间), Current mtime: Thu Jan 01 1970 08:00:06 GMT+0800 (中国标准时间)
debug: Inspect cce:/internal/x/cc
debug: Resolve cce:/internal/x/cc-fu/base from cce:/internal/x/cc as external dependency cce:/internal/x/cc-fu/base.
debug: Resolve cce:/internal/x/cc-fu/gfx-webgl from cce:/internal/x/cc as external dependency cce:/internal/x/cc-fu/gfx-webgl.
debug: Resolve cce:/internal/x/cc-fu/gfx-webgl2 from cce:/internal/x/cc as external dependency cce:/internal/x/cc-fu/gfx-webgl2.
debug: Resolve cce:/internal/x/cc-fu/3d from cce:/internal/x/cc as external dependency cce:/internal/x/cc-fu/3d.
debug: Resolve cce:/internal/x/cc-fu/2d from cce:/internal/x/cc as external dependency cce:/internal/x/cc-fu/2d.
debug: Resolve cce:/internal/x/cc-fu/ui from cce:/internal/x/cc as external dependency cce:/internal/x/cc-fu/ui.
debug: Resolve cce:/internal/x/cc-fu/particle from cce:/internal/x/cc as external dependency cce:/internal/x/cc-fu/particle.
debug: Resolve cce:/internal/x/cc-fu/physics-ammo from cce:/internal/x/cc as external dependency cce:/internal/x/cc-fu/physics-ammo.
debug: Resolve cce:/internal/x/cc-fu/physics-framework from cce:/internal/x/cc as external dependency cce:/internal/x/cc-fu/physics-framework.
debug: Resolve cce:/internal/x/cc-fu/wait-for-ammo-instantiation from cce:/internal/x/cc as external dependency cce:/internal/x/cc-fu/wait-for-ammo-instantiation.
debug: Resolve cce:/internal/x/cc-fu/physics-2d-box2d from cce:/internal/x/cc as external dependency cce:/internal/x/cc-fu/physics-2d-box2d.
debug: Resolve cce:/internal/x/cc-fu/physics-2d-framework from cce:/internal/x/cc as external dependency cce:/internal/x/cc-fu/physics-2d-framework.
debug: Resolve cce:/internal/x/cc-fu/intersection-2d from cce:/internal/x/cc as external dependency cce:/internal/x/cc-fu/intersection-2d.
debug: Resolve cce:/internal/x/cc-fu/primitive from cce:/internal/x/cc as external dependency cce:/internal/x/cc-fu/primitive.
debug: Resolve cce:/internal/x/cc-fu/profiler from cce:/internal/x/cc as external dependency cce:/internal/x/cc-fu/profiler.
debug: Resolve cce:/internal/x/cc-fu/particle-2d from cce:/internal/x/cc as external dependency cce:/internal/x/cc-fu/particle-2d.
debug: Resolve cce:/internal/x/cc-fu/audio from cce:/internal/x/cc as external dependency cce:/internal/x/cc-fu/audio.
debug: Resolve cce:/internal/x/cc-fu/video from cce:/internal/x/cc as external dependency cce:/internal/x/cc-fu/video.
debug: Resolve cce:/internal/x/cc-fu/webview from cce:/internal/x/cc as external dependency cce:/internal/x/cc-fu/webview.
debug: Resolve cce:/internal/x/cc-fu/tween from cce:/internal/x/cc as external dependency cce:/internal/x/cc-fu/tween.
debug: Resolve cce:/internal/x/cc-fu/terrain from cce:/internal/x/cc as external dependency cce:/internal/x/cc-fu/terrain.
debug: Resolve cce:/internal/x/cc-fu/tiled-map from cce:/internal/x/cc as external dependency cce:/internal/x/cc-fu/tiled-map.
debug: Resolve cce:/internal/x/cc-fu/spine from cce:/internal/x/cc as external dependency cce:/internal/x/cc-fu/spine.
debug: Resolve cce:/internal/x/cc-fu/dragon-bones from cce:/internal/x/cc as external dependency cce:/internal/x/cc-fu/dragon-bones.
debug: Detected change: cce:/internal/x/prerequisite-imports. Last mtime: Thu Jan 01 1970 08:11:00 GMT+0800 (中国标准时间), Current mtime: Thu Jan 01 1970 08:00:10 GMT+0800 (中国标准时间)
debug: Inspect cce:/internal/x/prerequisite-imports
debug: Resolve file:///C:/Users/Administrator/Desktop/Company_project/NewProject_8/assets/Script/Until_JsonInit.ts from cce:/internal/x/prerequisite-imports as file:///C:/Users/Administrator/Desktop/Company_project/NewProject_8/assets/Script/Until_JsonInit.ts.
debug: Resolve file:///C:/Users/Administrator/Desktop/Company_project/NewProject_8/assets/Script/Until_Relationship.ts from cce:/internal/x/prerequisite-imports as file:///C:/Users/Administrator/Desktop/Company_project/NewProject_8/assets/Script/Until_Relationship.ts.
debug: Resolve file:///C:/Users/Administrator/Desktop/Company_project/NewProject_8/assets/Script/Util_CreateRandMap.ts from cce:/internal/x/prerequisite-imports as file:///C:/Users/Administrator/Desktop/Company_project/NewProject_8/assets/Script/Util_CreateRandMap.ts.
debug: Resolve file:///C:/Users/Administrator/Desktop/Company_project/NewProject_8/assets/Script/Util_Event.ts from cce:/internal/x/prerequisite-imports as file:///C:/Users/Administrator/Desktop/Company_project/NewProject_8/assets/Script/Util_Event.ts.
debug: Resolve file:///C:/Users/Administrator/Desktop/Company_project/NewProject_8/assets/Script/Util_SimpleMath.ts from cce:/internal/x/prerequisite-imports as file:///C:/Users/Administrator/Desktop/Company_project/NewProject_8/assets/Script/Util_SimpleMath.ts.
debug: Resolve file:///C:/Users/Administrator/Desktop/Company_project/NewProject_8/assets/Script/Util_WaveCollapseFunction.ts from cce:/internal/x/prerequisite-imports as file:///C:/Users/Administrator/Desktop/Company_project/NewProject_8/assets/Script/Util_WaveCollapseFunction.ts.
debug: Resolve file:///C:/Users/Administrator/Desktop/Company_project/NewProject_8/assets/Script/avatar.ts from cce:/internal/x/prerequisite-imports as file:///C:/Users/Administrator/Desktop/Company_project/NewProject_8/assets/Script/avatar.ts.
debug: Resolve file:///C:/Users/Administrator/Desktop/Company_project/NewProject_8/assets/Script/test/drawMapInfo.ts from cce:/internal/x/prerequisite-imports as file:///C:/Users/Administrator/Desktop/Company_project/NewProject_8/assets/Script/test/drawMapInfo.ts.
debug: Resolve file:///C:/Users/Administrator/Desktop/Company_project/NewProject_8/assets/Script/test/map_unit_info.ts from cce:/internal/x/prerequisite-imports as file:///C:/Users/Administrator/Desktop/Company_project/NewProject_8/assets/Script/test/map_unit_info.ts.
debug: Resolve file:///C:/Users/Administrator/Desktop/Company_project/NewProject_8/assets/Script/test/test_wavefunction.ts from cce:/internal/x/prerequisite-imports as file:///C:/Users/Administrator/Desktop/Company_project/NewProject_8/assets/Script/test/test_wavefunction.ts.
debug: Resolve file:///C:/Users/Administrator/Desktop/Company_project/NewProject_8/assets/Script/until_randomTerrain.ts from cce:/internal/x/prerequisite-imports as file:///C:/Users/Administrator/Desktop/Company_project/NewProject_8/assets/Script/until_randomTerrain.ts.
debug: Detected change: cce:/internal/code-quality/cr.mjs. Last mtime: Sun May 16 2021 16:38:20 GMT+0800 (中国标准时间), Current mtime: Sun May 16 2021 17:03:48 GMT+0800 (中国标准时间)
debug: Inspect cce:/internal/code-quality/cr.mjs
error: undefined {"generatedMessage":true,"code":"ERR_ASSERTION"}
debug: Target(preview) ends with cost 85.84630100429058ms.
